attrs==20.2.0
bcrypt==4.0.0
beautifulsoup4==4.9.3
boto3==1.24.66
botocore==1.27.66
bs4==0.0.1
Cartopy==0.18.0
certifi==2020.6.20
cffi==1.14.3
chardet==3.0.4
click==7.1.2
click-plugins==1.1.1
cligj==0.7.0
colorama==0.4.4
commonmark==0.9.1
cryptography==3.2.1
cursor==1.3.5
cycler==0.10.0
dearpygui==0.6.202
decorator==4.4.2
definitions==0.2.0
Fiona==1.8.17
Flask==1.1.2
Flask-Cors==3.0.9
fpdf==1.7.2
geopandas==0.8.1
getch==1.0
gitdb==4.0.5
GitPython==3.1.9
halo==0.0.29
idna==2.10
itsdangerous==1.1.0
Jinja2==2.11.2
jmespath==1.0.1
joblib==0.16.0
kiwisolver==1.2.0
log-symbols==0.0.14
lxml==4.5.2
MarkupSafe==1.1.1
matplotlib==3.3.1
munch==2.5.0
networkx==2.5
nltk==3.5
numpy==1.19.1
oauthlib==3.1.0
pandas==1.1.3
paramiko==2.11.0
parquet-tools==0.2.11
pathtools==0.1.2
Pillow==7.2.0
plotly==4.10.0
pyarrow==9.0.0
pycparser==2.20
pydot==1.4.1
pygame==2.0.1
pyglet==1.5.15
Pygments==2.8.1
pyModeS==2.11
pymongo==3.11.0
PyNaCl==1.5.0
pyopensky==1.4
pyparsing==2.4.7
pyproj==2.6.1.post1
Pyqtree==1.0.0
pyshp==2.1.2
PySocks==1.7.1
python-dateutil==2.8.1
pytz==2020.1
PyYAML==5.3.1
pyzmq==24.0.0
regex==2020.7.14
requests==2.24.0
requests-oauthlib==1.3.0
retrying==1.3.3
Reverend==0.4
rich==10.1.0
rtreelib==0.2.0
s3transfer==0.6.0
scipy==1.6.2
seaborn==0.11.1
sets==0.3.2
Shapely==1.7.1
six==1.15.0
smmap==3.0.4
soupsieve==2.2
spinners==0.0.24
tabulate==0.8.10
termcolor==1.1.0
textblob==0.15.3
thrift==0.13.0
tomark==0.1.4
tqdm==4.48.2
tweepy==3.10.0
typing-extensions==3.7.4.3
urllib3==1.25.10
watchdog==0.10.3
Werkzeug==1.0.1
